{
  "RSpec": {
    "coverage": {
      "/Users/adamsnow/OneDrive/MacBook/Coding/work_projects/marketing_superstore/spec/user_spec.rb": [
        null,
        1,
        null,
        1,
        null,
        1,
        1,
        1,
        null,
        null,
        1,
        1,
        1,
        null,
        null,
        1,
        1,
        1,
        null,
        null,
        2,
        null,
        2,
        null,
        2,
        null,
        null,
        null,
        1,
        null,
        1,
        1,
        1,
        null,
        null,
        1,
        1,
        1,
        null,
        null,
        null
      ]
    },
    "timestamp": 1499350603
  }
}
